<?xml version="1.0" encoding="UTF-8"?>
<!-- Generated by org.testng.reporters.JUnitReportReporter -->
<testsuite hostname="dPLAP247" failures="0" tests="1" name="com.tests.GetRequest" time="2.019" errors="0" timestamp="2023-11-24T15:11:07 IST" skipped="0">
  <testcase classname="com.tests.GetRequest" name="postapi" time="2.019"/>
  <system-out/>
</testsuite> <!-- com.tests.GetRequest -->
