<?xml version="1.0" encoding="UTF-8"?>
<!-- Generated by org.testng.reporters.JUnitReportReporter -->
<testsuite hostname="dPLAP247" failures="0" tests="9" name="api.tests.DBDrivenTest" time="11.474" errors="0" timestamp="2023-12-12T18:39:18 IST" skipped="0">
  <testcase classname="api.tests.DBDrivenTest" name="testpostUser" time="1.233"/>
  <system-out/>
  <testcase classname="api.tests.DBDrivenTest" name="testpostUser" time="1.223"/>
  <system-out/>
  <testcase classname="api.tests.DBDrivenTest" name="testpostUser" time="1.116"/>
  <system-out/>
  <testcase classname="api.tests.DBDrivenTest" name="testGetUser" time="1.789"/>
  <system-out/>
  <testcase classname="api.tests.DBDrivenTest" name="testGetUser" time="1.243"/>
  <system-out/>
  <testcase classname="api.tests.DBDrivenTest" name="testGetUser" time="1.248"/>
  <system-out/>
  <testcase classname="api.tests.DBDrivenTest" name="testDeleteUser" time="1.219"/>
  <system-out/>
  <testcase classname="api.tests.DBDrivenTest" name="testDeleteUser" time="1.185"/>
  <system-out/>
  <testcase classname="api.tests.DBDrivenTest" name="testDeleteUser" time="1.218"/>
  <system-out/>
</testsuite> <!-- api.tests.DBDrivenTest -->
