<?xml version="1.0" encoding="UTF-8"?>
<!-- Generated by org.testng.reporters.JUnitReportReporter -->
<testsuite hostname="dPLAP247" failures="0" tests="4" name="api.tests.UserTests" time="7.530" errors="0" timestamp="2023-12-12T18:39:18 IST" skipped="0">
  <testcase classname="api.tests.UserTests" name="testPostUser" time="2.577"/>
  <system-out/>
  <testcase classname="api.tests.UserTests" name="testGetUser" time="1.224"/>
  <system-out/>
  <testcase classname="api.tests.UserTests" name="testUpdateUser" time="2.459"/>
  <system-out/>
  <testcase classname="api.tests.UserTests" name="testDeleteUser" time="1.270"/>
  <system-out/>
</testsuite> <!-- api.tests.UserTests -->
